<?xml version="1.0" encoding="UTF-8"?>
<testng-results ignored="0" total="2" passed="2" failed="0" skipped="0">
  <reporter-output>
  </reporter-output>
  <suite started-at="2022-08-30T08:28:14 IST" name="Suite" finished-at="2022-08-30T08:28:23 IST" duration-ms="9795">
    <groups>
    </groups>
    <test started-at="2022-08-30T08:28:14 IST" name="Test1" finished-at="2022-08-30T08:28:18 IST" duration-ms="4843">
      <class name="seleniumgrid.Test1">
        <test-method signature="demo(java.lang.String)[pri:0, instance:seleniumgrid.Test1@44a7bfbc]" started-at="2022-08-30T08:28:14 IST" name="demo" finished-at="2022-08-30T08:28:18 IST" duration-ms="4807" status="PASS">
          <params>
            <param index="0">
              <value>
                <![CDATA[chrome]]>
              </value>
            </param>
          </params>
          <reporter-output>
          </reporter-output>
        </test-method> <!-- demo -->
      </class> <!-- seleniumgrid.Test1 -->
    </test> <!-- Test1 -->
    <test started-at="2022-08-30T08:28:14 IST" name="Test2" finished-at="2022-08-30T08:28:23 IST" duration-ms="9795">
      <class name="seleniumgrid.Test1">
        <test-method signature="demo(java.lang.String)[pri:0, instance:seleniumgrid.Test1@50ad3bc1]" started-at="2022-08-30T08:28:14 IST" name="demo" finished-at="2022-08-30T08:28:23 IST" duration-ms="9762" status="PASS">
          <params>
            <param index="0">
              <value>
                <![CDATA[firefox]]>
              </value>
            </param>
          </params>
          <reporter-output>
          </reporter-output>
        </test-method> <!-- demo -->
      </class> <!-- seleniumgrid.Test1 -->
    </test> <!-- Test2 -->
  </suite> <!-- Suite -->
</testng-results>
